<?xml version="1.0" encoding="UTF-8"?>
<testsuite xmlns:xsi="http://www.w3.org/2001/XMLSchema-instance" xsi:noNamespaceSchemaLocation="https://maven.apache.org/surefire/maven-surefire-plugin/xsd/surefire-test-report.xsd" name="core.AppTest" time="0.016" tests="1" errors="0" skipped="0" failures="0">
  <properties>
    <property name="java.specification.version" value="17"/>
    <property name="sun.jnu.encoding" value="UTF-8"/>
    <property name="java.class.path" value="/Users/jareemhoff/dev/java/sandbox/target/test-classes:/Users/jareemhoff/dev/java/sandbox/target/classes:/Users/jareemhoff/.m2/repository/junit/junit/4.11/junit-4.11.jar:/Users/jareemhoff/.m2/repository/org/hamcrest/hamcrest-core/1.3/hamcrest-core-1.3.jar:/Users/jareemhoff/.m2/repository/org/lwjgl/lwjgl/3.3.3/lwjgl-3.3.3.jar:/Users/jareemhoff/.m2/repository/org/lwjgl/lwjgl-assimp/3.3.3/lwjgl-assimp-3.3.3.jar:/Users/jareemhoff/.m2/repository/org/lwjgl/lwjgl-bgfx/3.3.3/lwjgl-bgfx-3.3.3.jar:/Users/jareemhoff/.m2/repository/org/lwjgl/lwjgl-glfw/3.3.3/lwjgl-glfw-3.3.3.jar:/Users/jareemhoff/.m2/repository/org/lwjgl/lwjgl-nanovg/3.3.3/lwjgl-nanovg-3.3.3.jar:/Users/jareemhoff/.m2/repository/org/lwjgl/lwjgl-nuklear/3.3.3/lwjgl-nuklear-3.3.3.jar:/Users/jareemhoff/.m2/repository/org/lwjgl/lwjgl-openal/3.3.3/lwjgl-openal-3.3.3.jar:/Users/jareemhoff/.m2/repository/org/lwjgl/lwjgl-opengl/3.3.3/lwjgl-opengl-3.3.3.jar:/Users/jareemhoff/.m2/repository/org/lwjgl/lwjgl-par/3.3.3/lwjgl-par-3.3.3.jar:/Users/jareemhoff/.m2/repository/org/lwjgl/lwjgl-stb/3.3.3/lwjgl-stb-3.3.3.jar:/Users/jareemhoff/.m2/repository/org/lwjgl/lwjgl-vulkan/3.3.3/lwjgl-vulkan-3.3.3.jar:/Users/jareemhoff/.m2/repository/org/lwjgl/lwjgl/3.3.3/lwjgl-3.3.3-natives-macos-arm64.jar:/Users/jareemhoff/.m2/repository/org/lwjgl/lwjgl-assimp/3.3.3/lwjgl-assimp-3.3.3-natives-macos-arm64.jar:/Users/jareemhoff/.m2/repository/org/lwjgl/lwjgl-bgfx/3.3.3/lwjgl-bgfx-3.3.3-natives-macos-arm64.jar:/Users/jareemhoff/.m2/repository/org/lwjgl/lwjgl-glfw/3.3.3/lwjgl-glfw-3.3.3-natives-macos-arm64.jar:/Users/jareemhoff/.m2/repository/org/lwjgl/lwjgl-nanovg/3.3.3/lwjgl-nanovg-3.3.3-natives-macos-arm64.jar:/Users/jareemhoff/.m2/repository/org/lwjgl/lwjgl-nuklear/3.3.3/lwjgl-nuklear-3.3.3-natives-macos-arm64.jar:/Users/jareemhoff/.m2/repository/org/lwjgl/lwjgl-openal/3.3.3/lwjgl-openal-3.3.3-natives-macos-arm64.jar:/Users/jareemhoff/.m2/repository/org/lwjgl/lwjgl-opengl/3.3.3/lwjgl-opengl-3.3.3-natives-macos-arm64.jar:/Users/jareemhoff/.m2/repository/org/lwjgl/lwjgl-par/3.3.3/lwjgl-par-3.3.3-natives-macos-arm64.jar:/Users/jareemhoff/.m2/repository/org/lwjgl/lwjgl-stb/3.3.3/lwjgl-stb-3.3.3-natives-macos-arm64.jar:/Users/jareemhoff/.m2/repository/org/lwjgl/lwjgl-vulkan/3.3.3/lwjgl-vulkan-3.3.3-natives-macos-arm64.jar:"/>
    <property name="java.vm.vendor" value="Oracle Corporation"/>
    <property name="sun.arch.data.model" value="64"/>
    <property name="java.vendor.url" value="https://java.oracle.com/"/>
    <property name="os.name" value="Mac OS X"/>
    <property name="java.vm.specification.version" value="17"/>
    <property name="sun.java.launcher" value="SUN_STANDARD"/>
    <property name="user.country" value="US"/>
    <property name="sun.boot.library.path" value="/Library/Java/JavaVirtualMachines/jdk-17.jdk/Contents/Home/lib"/>
    <property name="sun.java.command" value="/Users/jareemhoff/dev/java/sandbox/target/surefire/surefirebooter16327231822253454623.jar /Users/jareemhoff/dev/java/sandbox/target/surefire 2023-11-28T09-37-31_298-jvmRun1 surefire14442081339689473372tmp surefire_06661841677610591778tmp"/>
    <property name="http.nonProxyHosts" value="local|*.local|169.254/16|*.169.254/16"/>
    <property name="jdk.debug" value="release"/>
    <property name="surefire.test.class.path" value="/Users/jareemhoff/dev/java/sandbox/target/test-classes:/Users/jareemhoff/dev/java/sandbox/target/classes:/Users/jareemhoff/.m2/repository/junit/junit/4.11/junit-4.11.jar:/Users/jareemhoff/.m2/repository/org/hamcrest/hamcrest-core/1.3/hamcrest-core-1.3.jar:/Users/jareemhoff/.m2/repository/org/lwjgl/lwjgl/3.3.3/lwjgl-3.3.3.jar:/Users/jareemhoff/.m2/repository/org/lwjgl/lwjgl-assimp/3.3.3/lwjgl-assimp-3.3.3.jar:/Users/jareemhoff/.m2/repository/org/lwjgl/lwjgl-bgfx/3.3.3/lwjgl-bgfx-3.3.3.jar:/Users/jareemhoff/.m2/repository/org/lwjgl/lwjgl-glfw/3.3.3/lwjgl-glfw-3.3.3.jar:/Users/jareemhoff/.m2/repository/org/lwjgl/lwjgl-nanovg/3.3.3/lwjgl-nanovg-3.3.3.jar:/Users/jareemhoff/.m2/repository/org/lwjgl/lwjgl-nuklear/3.3.3/lwjgl-nuklear-3.3.3.jar:/Users/jareemhoff/.m2/repository/org/lwjgl/lwjgl-openal/3.3.3/lwjgl-openal-3.3.3.jar:/Users/jareemhoff/.m2/repository/org/lwjgl/lwjgl-opengl/3.3.3/lwjgl-opengl-3.3.3.jar:/Users/jareemhoff/.m2/repository/org/lwjgl/lwjgl-par/3.3.3/lwjgl-par-3.3.3.jar:/Users/jareemhoff/.m2/repository/org/lwjgl/lwjgl-stb/3.3.3/lwjgl-stb-3.3.3.jar:/Users/jareemhoff/.m2/repository/org/lwjgl/lwjgl-vulkan/3.3.3/lwjgl-vulkan-3.3.3.jar:/Users/jareemhoff/.m2/repository/org/lwjgl/lwjgl/3.3.3/lwjgl-3.3.3-natives-macos-arm64.jar:/Users/jareemhoff/.m2/repository/org/lwjgl/lwjgl-assimp/3.3.3/lwjgl-assimp-3.3.3-natives-macos-arm64.jar:/Users/jareemhoff/.m2/repository/org/lwjgl/lwjgl-bgfx/3.3.3/lwjgl-bgfx-3.3.3-natives-macos-arm64.jar:/Users/jareemhoff/.m2/repository/org/lwjgl/lwjgl-glfw/3.3.3/lwjgl-glfw-3.3.3-natives-macos-arm64.jar:/Users/jareemhoff/.m2/repository/org/lwjgl/lwjgl-nanovg/3.3.3/lwjgl-nanovg-3.3.3-natives-macos-arm64.jar:/Users/jareemhoff/.m2/repository/org/lwjgl/lwjgl-nuklear/3.3.3/lwjgl-nuklear-3.3.3-natives-macos-arm64.jar:/Users/jareemhoff/.m2/repository/org/lwjgl/lwjgl-openal/3.3.3/lwjgl-openal-3.3.3-natives-macos-arm64.jar:/Users/jareemhoff/.m2/repository/org/lwjgl/lwjgl-opengl/3.3.3/lwjgl-opengl-3.3.3-natives-macos-arm64.jar:/Users/jareemhoff/.m2/repository/org/lwjgl/lwjgl-par/3.3.3/lwjgl-par-3.3.3-natives-macos-arm64.jar:/Users/jareemhoff/.m2/repository/org/lwjgl/lwjgl-stb/3.3.3/lwjgl-stb-3.3.3-natives-macos-arm64.jar:/Users/jareemhoff/.m2/repository/org/lwjgl/lwjgl-vulkan/3.3.3/lwjgl-vulkan-3.3.3-natives-macos-arm64.jar:"/>
    <property name="sun.cpu.endian" value="little"/>
    <property name="user.home" value="/Users/jareemhoff"/>
    <property name="user.language" value="en"/>
    <property name="java.specification.vendor" value="Oracle Corporation"/>
    <property name="java.version.date" value="2023-07-18"/>
    <property name="java.home" value="/Library/Java/JavaVirtualMachines/jdk-17.jdk/Contents/Home"/>
    <property name="file.separator" value="/"/>
    <property name="basedir" value="/Users/jareemhoff/dev/java/sandbox"/>
    <property name="java.vm.compressedOopsMode" value="Zero based"/>
    <property name="line.separator" value="&#10;"/>
    <property name="java.specification.name" value="Java Platform API Specification"/>
    <property name="java.vm.specification.vendor" value="Oracle Corporation"/>
    <property name="surefire.real.class.path" value="/Users/jareemhoff/dev/java/sandbox/target/surefire/surefirebooter16327231822253454623.jar"/>
    <property name="sun.management.compiler" value="HotSpot 64-Bit Tiered Compilers"/>
    <property name="ftp.nonProxyHosts" value="local|*.local|169.254/16|*.169.254/16"/>
    <property name="java.runtime.version" value="17.0.8+9-LTS-211"/>
    <property name="user.name" value="jareemhoff"/>
    <property name="path.separator" value=":"/>
    <property name="os.version" value="14.1.1"/>
    <property name="java.runtime.name" value="Java(TM) SE Runtime Environment"/>
    <property name="file.encoding" value="UTF-8"/>
    <property name="java.vm.name" value="Java HotSpot(TM) 64-Bit Server VM"/>
    <property name="localRepository" value="/Users/jareemhoff/.m2/repository"/>
    <property name="java.vendor.url.bug" value="https://bugreport.java.com/bugreport/"/>
    <property name="java.io.tmpdir" value="/var/folders/5c/fhbf4cj521b702wmrgvczwpw0000gn/T/"/>
    <property name="java.version" value="17.0.8"/>
    <property name="user.dir" value="/Users/jareemhoff/dev/java/sandbox"/>
    <property name="os.arch" value="aarch64"/>
    <property name="java.vm.specification.name" value="Java Virtual Machine Specification"/>
    <property name="native.encoding" value="UTF-8"/>
    <property name="java.library.path" value="/Users/jareemhoff/Library/Java/Extensions:/Library/Java/Extensions:/Network/Library/Java/Extensions:/System/Library/Java/Extensions:/usr/lib/java:."/>
    <property name="java.vm.info" value="mixed mode, sharing"/>
    <property name="java.vendor" value="Oracle Corporation"/>
    <property name="java.vm.version" value="17.0.8+9-LTS-211"/>
    <property name="sun.io.unicode.encoding" value="UnicodeBig"/>
    <property name="socksNonProxyHosts" value="local|*.local|169.254/16|*.169.254/16"/>
    <property name="java.class.version" value="61.0"/>
  </properties>
  <testcase name="shouldAnswerWithTrue" classname="core.AppTest" time="0"/>
</testsuite>